<?xml version="1.0" encoding="UTF-8"?>
<!-- Generated by org.testng.reporters.JUnitReportReporter -->
<testsuite hostname="WKMIN7549181.global.publicisgroupe.net" name="main.CucumberRunner" tests="1" failures="0" timestamp="16 Jun 2019 23:02:51 GMT" time="4.554" errors="0">
  <testcase name="feature" time="4.554" classname="main.CucumberRunner"/>
</testsuite> <!-- main.CucumberRunner -->
